<?xml version="1.0" encoding="UTF-8"?>
<testsuite xmlns:xsi="http://www.w3.org/2001/XMLSchema-instance" xsi:noNamespaceSchemaLocation="https://maven.apache.org/surefire/maven-surefire-plugin/xsd/surefire-test-report.xsd" name="com.youtube.jwt.JwtYoutubeApplicationTests" time="0.43" tests="1" errors="1" skipped="0" failures="0">
  <properties>
[...]
</properties>
  <testcase name="com.youtube.jwt.JwtYoutubeApplicationTests" classname="com.youtube.jwt.JwtYoutubeApplicationTests" time="0.427">
    <error message="Unable to find a @SpringBootConfiguration, you need to use @ContextConfiguration or @SpringBootTest(classes=...) with your test" type="java.lang.IllegalStateException">java.lang.IllegalStateException: Unable to find a @SpringBootConfiguration, you need to use @ContextConfiguration or @SpringBootTest(classes=...) with your test
</error>
    <system-out><![CDATA[17:56:13.075 [main] DEBUG org.springframework.test.context.BootstrapUtils - Instantiating CacheAwareContextLoaderDelegate from class [org.springframework.test.context.cache.DefaultCacheAwareContextLoaderDelegate]
17:56:13.092 [main] DEBUG org.springframework.test.context.BootstrapUtils - Instantiating BootstrapContext using constructor [public org.springframework.test.context.support.DefaultBootstrapContext(java.lang.Class,org.springframework.test.context.CacheAwareContextLoaderDelegate)]
17:56:13.150 [main] DEBUG org.springframework.test.context.BootstrapUtils - Instantiating TestContextBootstrapper for test class [com.youtube.jwt.JwtYoutubeApplicationTests] from class [org.springframework.boot.test.context.SpringBootTestContextBootstrapper]
17:56:13.166 [main] INFO org.springframework.boot.test.context.SpringBootTestContextBootstrapper - Neither @ContextConfiguration nor @ContextHierarchy found for test class [com.youtube.jwt.JwtYoutubeApplicationTests], using SpringBootContextLoader
17:56:13.171 [main] DEBUG org.springframework.test.context.support.AbstractContextLoader - Did not detect default resource location for test class [com.youtube.jwt.JwtYoutubeApplicationTests]: class path resource [com/youtube/jwt/JwtYoutubeApplicationTests-context.xml] does not exist
17:56:13.172 [main] DEBUG org.springframework.test.context.support.AbstractContextLoader - Did not detect default resource location for test class [com.youtube.jwt.JwtYoutubeApplicationTests]: class path resource [com/youtube/jwt/JwtYoutubeApplicationTestsContext.groovy] does not exist
17:56:13.173 [main] INFO org.springframework.test.context.support.AbstractContextLoader - Could not detect default resource locations for test class [com.youtube.jwt.JwtYoutubeApplicationTests]: no resource found for suffixes {-context.xml, Context.groovy}.
17:56:13.174 [main] INFO org.springframework.test.context.support.AnnotationConfigContextLoaderUtils - Could not detect default configuration classes for test class [com.youtube.jwt.JwtYoutubeApplicationTests]: JwtYoutubeApplicationTests does not declare any static, non-private, non-final, nested classes annotated with @Configuration.
17:56:13.265 [main] DEBUG org.springframework.test.context.support.ActiveProfilesUtils - Could not find an 'annotation declaring class' for annotation type [org.springframework.test.context.ActiveProfiles] and class [com.youtube.jwt.JwtYoutubeApplicationTests]
]]></system-out>
  </testcase>
</testsuite>